# JRE version: OpenJDK Runtime Environment Temurin-17.0.6+10 (17.0.6+10) (build 17.0.6+10)
# Java VM: OpenJDK 64-Bit Server VM Temurin-17.0.6+10 (17.0.6+10, mixed mode, emulated-client, tiered, compressed oops, compressed class ptrs, g1 gc, windows-amd64)
GC Precious Log:
 CPUs: 12 total, 12 available
 Memory: 24495M
 Large Page Support: Disabled
 NUMA Support: Disabled
 Compressed Oops: Enabled (32-bit)
 Heap Region Size: 1M
 Heap Min Capacity: 8M
 Heap Initial Capacity: 384M
 Heap Max Capacity: 1G
 Pre-touch: Disabled
 Parallel Workers: 10
 Concurrent Workers: 3
 Concurrent Refinement Workers: 10
 Periodic GC: Disabled
Heap:
 garbage-first heap   total 86016K, used 25160K [0x00000000c0000000, 0x0000000100000000)
  region size 1024K, 1 young (1024K), 0 survivors (0K)
 Metaspace       used 45058K, committed 45632K, reserved 1089536K
  class space    used 6373K, committed 6592K, reserved 1048576K
GC Heap History (20 events):
Event: 12994.581 GC heap before
{Heap before GC invocations=1300 (full 1263):
 garbage-first heap   total 86016K, used 25160K [0x00000000c0000000, 0x0000000100000000)
  region size 1024K, 1 young (1024K), 0 survivors (0K)
 Metaspace       used 45058K, committed 45632K, reserved 1089536K
  class space    used 6373K, committed 6592K, reserved 1048576K
}
Event: 12994.606 GC heap after
{Heap after GC invocations=1301 (full 1264):
 garbage-first heap   total 86016K, used 25160K [0x00000000c0000000, 0x0000000100000000)
  region size 1024K, 0 young (0K), 0 survivors (0K)
 Metaspace       used 45058K, committed 45632K, reserved 1089536K
  class space    used 6373K, committed 6592K, reserved 1048576K
}
Event: 13004.792 GC heap before
{Heap before GC invocations=1301 (full 1264):
 garbage-first heap   total 86016K, used 25160K [0x00000000c0000000, 0x0000000100000000)
  region size 1024K, 1 young (1024K), 0 survivors (0K)
 Metaspace       used 45058K, committed 45632K, reserved 1089536K
  class space    used 6373K, committed 6592K, reserved 1048576K
}
Event: 13004.814 GC heap after
{Heap after GC invocations=1302 (full 1265):
 garbage-first heap   total 86016K, used 25160K [0x00000000c0000000, 0x0000000100000000)
  region size 1024K, 0 young (0K), 0 survivors (0K)
 Metaspace       used 45058K, committed 45632K, reserved 1089536K
  class space    used 6373K, committed 6592K, reserved 1048576K
}
Event: 13015.012 GC heap before
{Heap before GC invocations=1302 (full 1265):
 garbage-first heap   total 86016K, used 25160K [0x00000000c0000000, 0x0000000100000000)
  region size 1024K, 1 young (1024K), 0 survivors (0K)
 Metaspace       used 45058K, committed 45632K, reserved 1089536K
  class space    used 6373K, committed 6592K, reserved 1048576K
}
Event: 13015.039 GC heap after
{Heap after GC invocations=1303 (full 1266):
 garbage-first heap   total 86016K, used 25160K [0x00000000c0000000, 0x0000000100000000)
  region size 1024K, 0 young (0K), 0 survivors (0K)
 Metaspace       used 45058K, committed 45632K, reserved 1089536K
  class space    used 6373K, committed 6592K, reserved 1048576K
}
Event: 13025.241 GC heap before
{Heap before GC invocations=1303 (full 1266):
 garbage-first heap   total 86016K, used 25160K [0x00000000c0000000, 0x0000000100000000)
  region size 1024K, 1 young (1024K), 0 survivors (0K)
 Metaspace       used 45058K, committed 45632K, reserved 1089536K
  class space    used 6373K, committed 6592K, reserved 1048576K
}
Event: 13025.264 GC heap after
{Heap after GC invocations=1304 (full 1267):
 garbage-first heap   total 86016K, used 25160K [0x00000000c0000000, 0x0000000100000000)
  region size 1024K, 0 young (0K), 0 survivors (0K)
 Metaspace       used 45058K, committed 45632K, reserved 1089536K
  class space    used 6373K, committed 6592K, reserved 1048576K
}
Event: 13035.460 GC heap before
{Heap before GC invocations=1304 (full 1267):
 garbage-first heap   total 86016K, used 25160K [0x00000000c0000000, 0x0000000100000000)
  region size 1024K, 1 young (1024K), 0 survivors (0K)
 Metaspace       used 45058K, committed 45632K, reserved 1089536K
  class space    used 6373K, committed 6592K, reserved 1048576K
}
Event: 13035.485 GC heap after
{Heap after GC invocations=1305 (full 1268):
 garbage-first heap   total 86016K, used 25160K [0x00000000c0000000, 0x0000000100000000)
  region size 1024K, 0 young (0K), 0 survivors (0K)
 Metaspace       used 45058K, committed 45632K, reserved 1089536K
  class space    used 6373K, committed 6592K, reserved 1048576K
}
Event: 13045.696 GC heap before
{Heap before GC invocations=1305 (full 1268):
 garbage-first heap   total 86016K, used 25160K [0x00000000c0000000, 0x0000000100000000)
  region size 1024K, 1 young (1024K), 0 survivors (0K)
 Metaspace       used 45058K, committed 45632K, reserved 1089536K
  class space    used 6373K, committed 6592K, reserved 1048576K
}
Event: 13045.722 GC heap after
{Heap after GC invocations=1306 (full 1269):
 garbage-first heap   total 86016K, used 25160K [0x00000000c0000000, 0x0000000100000000)
  region size 1024K, 0 young (0K), 0 survivors (0K)
 Metaspace       used 45058K, committed 45632K, reserved 1089536K
  class space    used 6373K, committed 6592K, reserved 1048576K
}
Event: 13056.241 GC heap before
{Heap before GC invocations=1306 (full 1269):
 garbage-first heap   total 86016K, used 25160K [0x00000000c0000000, 0x0000000100000000)
  region size 1024K, 1 young (1024K), 0 survivors (0K)
 Metaspace       used 45058K, committed 45632K, reserved 1089536K
  class space    used 6373K, committed 6592K, reserved 1048576K
}
Event: 13056.269 GC heap after
{Heap after GC invocations=1307 (full 1270):
 garbage-first heap   total 86016K, used 25160K [0x00000000c0000000, 0x0000000100000000)
  region size 1024K, 0 young (0K), 0 survivors (0K)
 Metaspace       used 45058K, committed 45632K, reserved 1089536K
  class space    used 6373K, committed 6592K, reserved 1048576K
}
Event: 13066.589 GC heap before
{Heap before GC invocations=1307 (full 1270):
 garbage-first heap   total 86016K, used 25160K [0x00000000c0000000, 0x0000000100000000)
  region size 1024K, 1 young (1024K), 0 survivors (0K)
 Metaspace       used 45058K, committed 45632K, reserved 1089536K
  class space    used 6373K, committed 6592K, reserved 1048576K
}
Event: 13066.614 GC heap after
{Heap after GC invocations=1308 (full 1271):
 garbage-first heap   total 86016K, used 25160K [0x00000000c0000000, 0x0000000100000000)
  region size 1024K, 0 young (0K), 0 survivors (0K)
 Metaspace       used 45058K, committed 45632K, reserved 1089536K
  class space    used 6373K, committed 6592K, reserved 1048576K
}
Event: 13077.065 GC heap before
{Heap before GC invocations=1308 (full 1271):
 garbage-first heap   total 86016K, used 25160K [0x00000000c0000000, 0x0000000100000000)
  region size 1024K, 1 young (1024K), 0 survivors (0K)
 Metaspace       used 45058K, committed 45632K, reserved 1089536K
  class space    used 6373K, committed 6592K, reserved 1048576K
}
Event: 13077.098 GC heap after
{Heap after GC invocations=1309 (full 1272):
 garbage-first heap   total 86016K, used 25160K [0x00000000c0000000, 0x0000000100000000)
  region size 1024K, 0 young (0K), 0 survivors (0K)
 Metaspace       used 45058K, committed 45632K, reserved 1089536K
  class space    used 6373K, committed 6592K, reserved 1048576K
}
Event: 13087.460 GC heap before
{Heap before GC invocations=1309 (full 1272):
 garbage-first heap   total 86016K, used 25160K [0x00000000c0000000, 0x0000000100000000)
  region size 1024K, 1 young (1024K), 0 survivors (0K)
 Metaspace       used 45058K, committed 45632K, reserved 1089536K
  class space    used 6373K, committed 6592K, reserved 1048576K
}
Event: 13087.489 GC heap after
{Heap after GC invocations=1310 (full 1273):
 garbage-first heap   total 86016K, used 25160K [0x00000000c0000000, 0x0000000100000000)
  region size 1024K, 0 young (0K), 0 survivors (0K)
 Metaspace       used 45058K, committed 45632K, reserved 1089536K
  class space    used 6373K, committed 6592K, reserved 1048576K
}

